<?xml version="1.0" encoding="UTF-8"?>
<testng-results ignored="0" total="1" passed="1" failed="0" skipped="0">
  <reporter-output>
  </reporter-output>
  <suite started-at="2022-11-21T20:52:03 IST" name="Default suite" finished-at="2022-11-21T20:52:03 IST" duration-ms="143">
    <groups>
    </groups>
    <test started-at="2022-11-21T20:52:03 IST" name="Default test" finished-at="2022-11-21T20:52:03 IST" duration-ms="143">
      <class name="SecondTest">
        <test-method signature="secondTest()[pri:0, instance:SecondTest@619713e5]" started-at="2022-11-21T20:52:03 IST" name="secondTest" finished-at="2022-11-21T20:52:03 IST" duration-ms="23" status="PASS">
          <reporter-output>
          </reporter-output>
        </test-method> <!-- secondTest -->
      </class> <!-- SecondTest -->
    </test> <!-- Default test -->
  </suite> <!-- Default suite -->
</testng-results>
