<?xml version="1.0" encoding="UTF-8"?>
<testng-results ignored="0" total="1" passed="1" failed="0" skipped="0">
  <reporter-output>
  </reporter-output>
  <suite started-at="2022-11-22T12:25:41 IST" name="Default suite" finished-at="2022-11-22T12:25:41 IST" duration-ms="131">
    <groups>
    </groups>
    <test started-at="2022-11-22T12:25:41 IST" name="Default test" finished-at="2022-11-22T12:25:41 IST" duration-ms="131">
      <class name="TC1contacts">
        <test-method signature="tc1contacts()[pri:0, instance:TC1contacts@619713e5]" started-at="2022-11-22T12:25:41 IST" name="tc1contacts" finished-at="2022-11-22T12:25:41 IST" duration-ms="25" status="PASS">
          <reporter-output>
          </reporter-output>
        </test-method> <!-- tc1contacts -->
      </class> <!-- TC1contacts -->
    </test> <!-- Default test -->
  </suite> <!-- Default suite -->
</testng-results>
